{
  "stats": {
    "suites": 11,
    "tests": 22,
    "passes": 22,
    "pending": 0,
    "failures": 0,
    "start": "2022-05-17T04:22:58.126Z",
    "end": "2022-05-17T04:23:03.413Z",
    "duration": 5287,
    "testsRegistered": 22,
    "passPercent": 100,
    "pendingPercent": 0,
    "other": 0,
    "hasOther": false,
    "skipped": 0,
    "hasSkipped": false
  },
  "results": [
    {
      "uuid": "ea419601-124f-44c5-a4b6-7ed0dfaf939f",
      "title": "",
      "fullFile": "cypress/integration/project.spec.js",
      "file": "cypress/integration/project.spec.js",
      "beforeHooks": [],
      "afterHooks": [],
      "tests": [],
      "suites": [
        {
          "uuid": "f625ae7b-4107-4555-a99d-9d256df80fd7",
          "title": "1 - Adicione uma cor de fundo específica para a página",
          "fullFile": "",
          "file": "",
          "beforeHooks": [],
          "afterHooks": [],
          "tests": [
            {
              "title": "Possuir cor de fundo: rgb(253, 251, 251)",
              "fullTitle": "1 - Adicione uma cor de fundo específica para a página Possuir cor de fundo: rgb(253, 251, 251)",
              "timedOut": null,
              "duration": 134,
              "state": "passed",
              "speed": "slow",
              "pass": true,
              "fail": false,
              "pending": false,
              "context": null,
              "code": "cy.get('body').should('have.css', 'backgroundColor', 'rgb(253, 251, 251)');",
              "err": {},
              "uuid": "ead352e2-af9b-402a-8b37-e0442e74a5d0",
              "parentUUID": "f625ae7b-4107-4555-a99d-9d256df80fd7",
              "isHook": false,
              "skipped": false
            }
          ],
          "suites": [],
          "passes": [
            "ead352e2-af9b-402a-8b37-e0442e74a5d0"
          ],
          "failures": [],
          "pending": [],
          "skipped": [],
          "duration": 134,
          "root": false,
          "rootEmpty": false,
          "_timeout": 2000
        },
        {
          "uuid": "365c254c-39ea-4202-acf6-aae2ffb302fe",
          "title": "2 - Adicione uma barra superior com um título",
          "fullFile": "",
          "file": "",
          "beforeHooks": [],
          "afterHooks": [],
          "tests": [
            {
              "title": "A barra deve possuir o ID \"cabecalho\"",
              "fullTitle": "2 - Adicione uma barra superior com um título A barra deve possuir o ID \"cabecalho\"",
              "timedOut": null,
              "duration": 70,
              "state": "passed",
              "speed": "medium",
              "pass": true,
              "fail": false,
              "pending": false,
              "context": null,
              "code": "(0, _ActionBase.shouldExist)('#cabecalho');",
              "err": {},
              "uuid": "5b500a86-d410-469d-b6c1-9811bf44f2e1",
              "parentUUID": "365c254c-39ea-4202-acf6-aae2ffb302fe",
              "isHook": false,
              "skipped": false
            },
            {
              "title": "A barra superior deve ser fixa no topo da página, com a propriedade top tendo o valor `0`",
              "fullTitle": "2 - Adicione uma barra superior com um título A barra superior deve ser fixa no topo da página, com a propriedade top tendo o valor `0`",
              "timedOut": null,
              "duration": 67,
              "state": "passed",
              "speed": "medium",
              "pass": true,
              "fail": false,
              "pending": false,
              "context": null,
              "code": "cy.get('#cabecalho').should('have.css', 'position', 'fixed').should('have.css', 'top', '0px');",
              "err": {},
              "uuid": "65cd0558-6692-4db8-9c03-57d9cd9b09bf",
              "parentUUID": "365c254c-39ea-4202-acf6-aae2ffb302fe",
              "isHook": false,
              "skipped": false
            },
            {
              "title": "O título deve estar dentro da barra e possuir o ID \"titulo\", além de ser uma tag \"h1\"",
              "fullTitle": "2 - Adicione uma barra superior com um título O título deve estar dentro da barra e possuir o ID \"titulo\", além de ser uma tag \"h1\"",
              "timedOut": null,
              "duration": 68,
              "state": "passed",
              "speed": "medium",
              "pass": true,
              "fail": false,
              "pending": false,
              "context": null,
              "code": "(0, _ActionBase.shouldExist)('#cabecalho h1#titulo');",
              "err": {},
              "uuid": "a87b90fb-0da2-4631-b324-b8b7603c097c",
              "parentUUID": "365c254c-39ea-4202-acf6-aae2ffb302fe",
              "isHook": false,
              "skipped": false
            }
          ],
          "suites": [],
          "passes": [
            "5b500a86-d410-469d-b6c1-9811bf44f2e1",
            "65cd0558-6692-4db8-9c03-57d9cd9b09bf",
            "a87b90fb-0da2-4631-b324-b8b7603c097c"
          ],
          "failures": [],
          "pending": [],
          "skipped": [],
          "duration": 205,
          "root": false,
          "rootEmpty": false,
          "_timeout": 2000
        },
        {
          "uuid": "5ca13ddd-5090-4720-b9a6-4a59e1a014be",
          "title": "3 - Adicione uma foto sua à página",
          "fullFile": "",
          "file": "",
          "beforeHooks": [],
          "afterHooks": [],
          "tests": [
            {
              "title": "A foto deve ser inserida utilizando uma tag img com o ID \"minha_foto\"",
              "fullTitle": "3 - Adicione uma foto sua à página A foto deve ser inserida utilizando uma tag img com o ID \"minha_foto\"",
              "timedOut": null,
              "duration": 83,
              "state": "passed",
              "speed": "slow",
              "pass": true,
              "fail": false,
              "pending": false,
              "context": null,
              "code": "cy.get('img#minha_foto').should('have.attr', 'src');",
              "err": {},
              "uuid": "cae7eaea-232f-4e8c-bfa6-a474f0071196",
              "parentUUID": "5ca13ddd-5090-4720-b9a6-4a59e1a014be",
              "isHook": false,
              "skipped": false
            }
          ],
          "suites": [],
          "passes": [
            "cae7eaea-232f-4e8c-bfa6-a474f0071196"
          ],
          "failures": [],
          "pending": [],
          "skipped": [],
          "duration": 83,
          "root": false,
          "rootEmpty": false,
          "_timeout": 2000
        },
        {
          "uuid": "edd2bb4d-5f46-4aa1-af26-7e4b19601eeb",
          "title": "4 - Adicione uma lista de lições aprendidas à página",
          "fullFile": "",
          "file": "",
          "beforeHooks": [],
          "afterHooks": [],
          "tests": [
            {
              "title": "A lista deve ser numerada e possuir o ID \"licoes_aprendidas\"",
              "fullTitle": "4 - Adicione uma lista de lições aprendidas à página A lista deve ser numerada e possuir o ID \"licoes_aprendidas\"",
              "timedOut": null,
              "duration": 76,
              "state": "passed",
              "speed": "slow",
              "pass": true,
              "fail": false,
              "pending": false,
              "context": null,
              "code": "(0, _ActionBase.shouldExist)('ol#licoes_aprendidas');",
              "err": {},
              "uuid": "429ae59d-e81e-4480-a214-86d5ad059c05",
              "parentUUID": "edd2bb4d-5f46-4aa1-af26-7e4b19601eeb",
              "isHook": false,
              "skipped": false
            },
            {
              "title": "A lista deve possuir 10 itens",
              "fullTitle": "4 - Adicione uma lista de lições aprendidas à página A lista deve possuir 10 itens",
              "timedOut": null,
              "duration": 88,
              "state": "passed",
              "speed": "slow",
              "pass": true,
              "fail": false,
              "pending": false,
              "context": null,
              "code": "cy.get('ol#licoes_aprendidas').find('li').should('have.length', 10);",
              "err": {},
              "uuid": "b06f6196-dffc-4941-baf1-66e48e04ca6a",
              "parentUUID": "edd2bb4d-5f46-4aa1-af26-7e4b19601eeb",
              "isHook": false,
              "skipped": false
            }
          ],
          "suites": [],
          "passes": [
            "429ae59d-e81e-4480-a214-86d5ad059c05",
            "b06f6196-dffc-4941-baf1-66e48e04ca6a"
          ],
          "failures": [],
          "pending": [],
          "skipped": [],
          "duration": 164,
          "root": false,
          "rootEmpty": false,
          "_timeout": 2000
        },
        {
          "uuid": "3f790f1c-ab1e-4522-b4ca-e0e0a8f62115",
          "title": "5 - Crie uma lista de lições que ainda deseja aprender para a página",
          "fullFile": "",
          "file": "",
          "beforeHooks": [],
          "afterHooks": [],
          "tests": [
            {
              "title": "A lista não deve ser numerada e deve possuir o ID \"licoes_a_aprender\"",
              "fullTitle": "5 - Crie uma lista de lições que ainda deseja aprender para a página A lista não deve ser numerada e deve possuir o ID \"licoes_a_aprender\"",
              "timedOut": null,
              "duration": 71,
              "state": "passed",
              "speed": "medium",
              "pass": true,
              "fail": false,
              "pending": false,
              "context": null,
              "code": "(0, _ActionBase.shouldExist)('ul#licoes_a_aprender');",
              "err": {},
              "uuid": "2581affa-1ff4-4472-95f8-0a65782ecd85",
              "parentUUID": "3f790f1c-ab1e-4522-b4ca-e0e0a8f62115",
              "isHook": false,
              "skipped": false
            },
            {
              "title": "A lista deve possuir 10 itens",
              "fullTitle": "5 - Crie uma lista de lições que ainda deseja aprender para a página A lista deve possuir 10 itens",
              "timedOut": null,
              "duration": 84,
              "state": "passed",
              "speed": "slow",
              "pass": true,
              "fail": false,
              "pending": false,
              "context": null,
              "code": "cy.get('ul#licoes_a_aprender').find('li').should('have.length', 10);",
              "err": {},
              "uuid": "3eb3db8c-2c81-4582-8bfd-03930f1f086c",
              "parentUUID": "3f790f1c-ab1e-4522-b4ca-e0e0a8f62115",
              "isHook": false,
              "skipped": false
            }
          ],
          "suites": [],
          "passes": [
            "2581affa-1ff4-4472-95f8-0a65782ecd85",
            "3eb3db8c-2c81-4582-8bfd-03930f1f086c"
          ],
          "failures": [],
          "pending": [],
          "skipped": [],
          "duration": 155,
          "root": false,
          "rootEmpty": false,
          "_timeout": 2000
        },
        {
          "uuid": "97f2767b-5d36-48be-8106-1007bec71c32",
          "title": "6 - Adicione um rodapé para a página",
          "fullFile": "",
          "file": "",
          "beforeHooks": [],
          "afterHooks": [],
          "tests": [
            {
              "title": "O rodapé deve possuir o ID \"rodape\"",
              "fullTitle": "6 - Adicione um rodapé para a página O rodapé deve possuir o ID \"rodape\"",
              "timedOut": null,
              "duration": 92,
              "state": "passed",
              "speed": "slow",
              "pass": true,
              "fail": false,
              "pending": false,
              "context": null,
              "code": "cy.get('footer#rodape').should('exist');",
              "err": {},
              "uuid": "29001b10-4183-4664-99c2-b6dda33adc6c",
              "parentUUID": "97f2767b-5d36-48be-8106-1007bec71c32",
              "isHook": false,
              "skipped": false
            }
          ],
          "suites": [],
          "passes": [
            "29001b10-4183-4664-99c2-b6dda33adc6c"
          ],
          "failures": [],
          "pending": [],
          "skipped": [],
          "duration": 92,
          "root": false,
          "rootEmpty": false,
          "_timeout": 2000
        },
        {
          "uuid": "012dda31-f424-4dac-85ee-b96f88bfe6db",
          "title": "7 - Insira pelo menos um link externo na página",
          "fullFile": "",
          "file": "",
          "beforeHooks": [],
          "afterHooks": [],
          "tests": [
            {
              "title": "A configuração desse link deve ser feita para abrir em uma nova aba do navegador",
              "fullTitle": "7 - Insira pelo menos um link externo na página A configuração desse link deve ser feita para abrir em uma nova aba do navegador",
              "timedOut": null,
              "duration": 78,
              "state": "passed",
              "speed": "slow",
              "pass": true,
              "fail": false,
              "pending": false,
              "context": null,
              "code": "cy.get('a').then(function (a) {\n  var actual = Array.from(a).some(function (element) {\n    return element.target === '_blank' && element.href !== '';\n  });\n  expect(actual).to.be[\"true\"];\n});",
              "err": {},
              "uuid": "8085d1f7-3b28-4557-8724-f9dfc8452625",
              "parentUUID": "012dda31-f424-4dac-85ee-b96f88bfe6db",
              "isHook": false,
              "skipped": false
            }
          ],
          "suites": [],
          "passes": [
            "8085d1f7-3b28-4557-8724-f9dfc8452625"
          ],
          "failures": [],
          "pending": [],
          "skipped": [],
          "duration": 78,
          "root": false,
          "rootEmpty": false,
          "_timeout": 2000
        },
        {
          "uuid": "65753bbb-52b5-43d2-af4a-04e0a2bde5d0",
          "title": "8 - Crie um artigo sobre seu aprendizado",
          "fullFile": "",
          "file": "",
          "beforeHooks": [],
          "afterHooks": [],
          "tests": [
            {
              "title": "A `tag` `article` devem ser utilizadas",
              "fullTitle": "8 - Crie um artigo sobre seu aprendizado A `tag` `article` devem ser utilizadas",
              "timedOut": null,
              "duration": 77,
              "state": "passed",
              "speed": "slow",
              "pass": true,
              "fail": false,
              "pending": false,
              "context": null,
              "code": "(0, _ActionBase.shouldExist)('article');",
              "err": {},
              "uuid": "78c36321-58ec-4943-ad17-251de70e81b9",
              "parentUUID": "65753bbb-52b5-43d2-af4a-04e0a2bde5d0",
              "isHook": false,
              "skipped": false
            },
            {
              "title": "O artigo deve ter mais de 300 caracteres e menos de 600",
              "fullTitle": "8 - Crie um artigo sobre seu aprendizado O artigo deve ter mais de 300 caracteres e menos de 600",
              "timedOut": null,
              "duration": 110,
              "state": "passed",
              "speed": "slow",
              "pass": true,
              "fail": false,
              "pending": false,
              "context": null,
              "code": "cy.get('article').invoke('text').then(function (text) {\n  expect(text).to.have.length.of.at.most(600);\n  expect(text).to.have.length.of.at.above(300);\n});",
              "err": {},
              "uuid": "6c3f2856-ab8c-4e07-8acc-a57fb2b120e7",
              "parentUUID": "65753bbb-52b5-43d2-af4a-04e0a2bde5d0",
              "isHook": false,
              "skipped": false
            }
          ],
          "suites": [],
          "passes": [
            "78c36321-58ec-4943-ad17-251de70e81b9",
            "6c3f2856-ab8c-4e07-8acc-a57fb2b120e7"
          ],
          "failures": [],
          "pending": [],
          "skipped": [],
          "duration": 187,
          "root": false,
          "rootEmpty": false,
          "_timeout": 2000
        },
        {
          "uuid": "aa109e65-2fb1-45f4-a809-1f80b096b57f",
          "title": "9 - Crie uma seção que conta uma passagem sobre seu aprendizado",
          "fullFile": "",
          "file": "",
          "beforeHooks": [],
          "afterHooks": [],
          "tests": [
            {
              "title": "A `tag` `aside` deve ser utilizada",
              "fullTitle": "9 - Crie uma seção que conta uma passagem sobre seu aprendizado A `tag` `aside` deve ser utilizada",
              "timedOut": null,
              "duration": 114,
              "state": "passed",
              "speed": "slow",
              "pass": true,
              "fail": false,
              "pending": false,
              "context": null,
              "code": "(0, _ActionBase.shouldExist)('aside');",
              "err": {},
              "uuid": "77821b99-8651-4f8a-bf81-e55d6ab96516",
              "parentUUID": "aa109e65-2fb1-45f4-a809-1f80b096b57f",
              "isHook": false,
              "skipped": false
            },
            {
              "title": "A seção deve ter mais que 100 caracteres e menos que 300",
              "fullTitle": "9 - Crie uma seção que conta uma passagem sobre seu aprendizado A seção deve ter mais que 100 caracteres e menos que 300",
              "timedOut": null,
              "duration": 80,
              "state": "passed",
              "speed": "slow",
              "pass": true,
              "fail": false,
              "pending": false,
              "context": null,
              "code": "cy.get('aside').invoke('text').then(function (text) {\n  expect(text).to.have.length.of.at.above(100);\n  expect(text).to.have.length.of.at.most(300);\n});",
              "err": {},
              "uuid": "ecc710b4-e64c-44da-a286-0b0a424ac259",
              "parentUUID": "aa109e65-2fb1-45f4-a809-1f80b096b57f",
              "isHook": false,
              "skipped": false
            }
          ],
          "suites": [],
          "passes": [
            "77821b99-8651-4f8a-bf81-e55d6ab96516",
            "ecc710b4-e64c-44da-a286-0b0a424ac259"
          ],
          "failures": [],
          "pending": [],
          "skipped": [],
          "duration": 194,
          "root": false,
          "rootEmpty": false,
          "_timeout": 2000
        },
        {
          "uuid": "4231cce9-74bc-4e0a-bba0-5f4766ea2464",
          "title": "10 - Aplique elementos HTML de acordo com o sentido e propósito de cada um deles",
          "fullFile": "",
          "file": "",
          "beforeHooks": [],
          "afterHooks": [],
          "tests": [
            {
              "title": "Validar se a página possui um elemento \"article\"",
              "fullTitle": "10 - Aplique elementos HTML de acordo com o sentido e propósito de cada um deles Validar se a página possui um elemento \"article\"",
              "timedOut": null,
              "duration": 86,
              "state": "passed",
              "speed": "slow",
              "pass": true,
              "fail": false,
              "pending": false,
              "context": null,
              "code": "(0, _ActionBase.shouldExist)('article');",
              "err": {},
              "uuid": "2f302f5e-44c4-4146-b890-8c8952b691ed",
              "parentUUID": "4231cce9-74bc-4e0a-bba0-5f4766ea2464",
              "isHook": false,
              "skipped": false
            },
            {
              "title": "Validar se a página possui um elemento \"header\"",
              "fullTitle": "10 - Aplique elementos HTML de acordo com o sentido e propósito de cada um deles Validar se a página possui um elemento \"header\"",
              "timedOut": null,
              "duration": 87,
              "state": "passed",
              "speed": "slow",
              "pass": true,
              "fail": false,
              "pending": false,
              "context": null,
              "code": "(0, _ActionBase.shouldExist)('header');",
              "err": {},
              "uuid": "6e0c06b6-bc8a-4c9b-b5e4-d01f17692aac",
              "parentUUID": "4231cce9-74bc-4e0a-bba0-5f4766ea2464",
              "isHook": false,
              "skipped": false
            },
            {
              "title": "Validar se a página possui um elemento \"nav\"",
              "fullTitle": "10 - Aplique elementos HTML de acordo com o sentido e propósito de cada um deles Validar se a página possui um elemento \"nav\"",
              "timedOut": null,
              "duration": 88,
              "state": "passed",
              "speed": "slow",
              "pass": true,
              "fail": false,
              "pending": false,
              "context": null,
              "code": "(0, _ActionBase.shouldExist)('nav');",
              "err": {},
              "uuid": "4a065309-a6ec-4cfb-a8df-340d0d74783c",
              "parentUUID": "4231cce9-74bc-4e0a-bba0-5f4766ea2464",
              "isHook": false,
              "skipped": false
            },
            {
              "title": "Validar se a página possui um elemento \"section\"",
              "fullTitle": "10 - Aplique elementos HTML de acordo com o sentido e propósito de cada um deles Validar se a página possui um elemento \"section\"",
              "timedOut": null,
              "duration": 87,
              "state": "passed",
              "speed": "slow",
              "pass": true,
              "fail": false,
              "pending": false,
              "context": null,
              "code": "(0, _ActionBase.shouldExist)('section');",
              "err": {},
              "uuid": "aa94c446-8bcb-4c19-8495-275b268671f5",
              "parentUUID": "4231cce9-74bc-4e0a-bba0-5f4766ea2464",
              "isHook": false,
              "skipped": false
            },
            {
              "title": "Validar se a página possui um elemento \"aside\"",
              "fullTitle": "10 - Aplique elementos HTML de acordo com o sentido e propósito de cada um deles Validar se a página possui um elemento \"aside\"",
              "timedOut": null,
              "duration": 87,
              "state": "passed",
              "speed": "slow",
              "pass": true,
              "fail": false,
              "pending": false,
              "context": null,
              "code": "(0, _ActionBase.shouldExist)('aside');",
              "err": {},
              "uuid": "25247060-bb99-41d1-b71c-9d06d84785ac",
              "parentUUID": "4231cce9-74bc-4e0a-bba0-5f4766ea2464",
              "isHook": false,
              "skipped": false
            },
            {
              "title": "Validar se a página possui um elemento \"footer\"",
              "fullTitle": "10 - Aplique elementos HTML de acordo com o sentido e propósito de cada um deles Validar se a página possui um elemento \"footer\"",
              "timedOut": null,
              "duration": 80,
              "state": "passed",
              "speed": "slow",
              "pass": true,
              "fail": false,
              "pending": false,
              "context": null,
              "code": "(0, _ActionBase.shouldExist)('footer');",
              "err": {},
              "uuid": "51fe40a3-c59e-4999-9a7e-3660393754e2",
              "parentUUID": "4231cce9-74bc-4e0a-bba0-5f4766ea2464",
              "isHook": false,
              "skipped": false
            }
          ],
          "suites": [],
          "passes": [
            "2f302f5e-44c4-4146-b890-8c8952b691ed",
            "6e0c06b6-bc8a-4c9b-b5e4-d01f17692aac",
            "4a065309-a6ec-4cfb-a8df-340d0d74783c",
            "aa94c446-8bcb-4c19-8495-275b268671f5",
            "25247060-bb99-41d1-b71c-9d06d84785ac",
            "51fe40a3-c59e-4999-9a7e-3660393754e2"
          ],
          "failures": [],
          "pending": [],
          "skipped": [],
          "duration": 515,
          "root": false,
          "rootEmpty": false,
          "_timeout": 2000
        },
        {
          "uuid": "e82a46c6-c58a-4a9b-a478-7843a3abac2e",
          "title": "11 - Teste a semântica da sua página está aprovada pelo site CodeSniffer",
          "fullFile": "",
          "file": "",
          "beforeHooks": [],
          "afterHooks": [],
          "tests": [
            {
              "title": "Seu site deve passar sem problemas na verificação de semântica do site CodeSniffer",
              "fullTitle": "11 - Teste a semântica da sua página está aprovada pelo site CodeSniffer Seu site deve passar sem problemas na verificação de semântica do site CodeSniffer",
              "timedOut": null,
              "duration": 1898,
              "state": "passed",
              "speed": "slow",
              "pass": true,
              "fail": false,
              "pending": false,
              "context": null,
              "code": "cy.readFile('./index.html').then(function (content) {\n  cy.visit('http://squizlabs.github.io/HTML_CodeSniffer/');\n  cy.get('#runHTMLCS').click();\n  cy.get('#source').invoke('val', content).trigger('input');\n  cy.get('#run-button').click();\n  cy.get('.result-count-errors').contains(/^0$/);\n});",
              "err": {},
              "uuid": "f59468c3-a84b-40b5-b071-1d317c6b47f5",
              "parentUUID": "e82a46c6-c58a-4a9b-a478-7843a3abac2e",
              "isHook": false,
              "skipped": false
            }
          ],
          "suites": [],
          "passes": [
            "f59468c3-a84b-40b5-b071-1d317c6b47f5"
          ],
          "failures": [],
          "pending": [],
          "skipped": [],
          "duration": 1898,
          "root": false,
          "rootEmpty": false,
          "_timeout": 2000
        }
      ],
      "passes": [],
      "failures": [],
      "pending": [],
      "skipped": [],
      "duration": 0,
      "root": true,
      "rootEmpty": true,
      "_timeout": 2000
    }
  ],
  "meta": {
    "mocha": {
      "version": "7.0.1"
    },
    "mochawesome": {
      "options": {
        "quiet": false,
        "reportFilename": "mochawesome",
        "saveHtml": false,
        "saveJson": true,
        "consoleReporter": "spec",
        "useInlineDiffs": false
      },
      "version": "4.1.0"
    },
    "marge": {
      "options": {
        "id": "default",
        "reportDir": "cypress/reports",
        "overwrite": false,
        "html": false,
        "json": true
      },
      "version": "4.1.0"
    }
  }
}