{
  "stats": {
    "suites": 11,
    "tests": 22,
    "passes": 20,
    "pending": 0,
    "failures": 2,
    "start": "2022-05-11T23:21:23.315Z",
    "end": "2022-05-11T23:21:38.630Z",
    "duration": 15315,
    "testsRegistered": 22,
    "passPercent": 90.9090909090909,
    "pendingPercent": 0,
    "other": 0,
    "hasOther": false,
    "skipped": 0,
    "hasSkipped": false
  },
  "results": [
    {
      "uuid": "31de2d5d-acd0-479c-850d-535ed3193ad8",
      "title": "",
      "fullFile": "cypress/integration/project.spec.js",
      "file": "cypress/integration/project.spec.js",
      "beforeHooks": [],
      "afterHooks": [],
      "tests": [],
      "suites": [
        {
          "uuid": "b823e50c-5733-42b0-bc8d-598996530b7d",
          "title": "1 - Adicione uma cor de fundo específica para a página",
          "fullFile": "",
          "file": "",
          "beforeHooks": [],
          "afterHooks": [],
          "tests": [
            {
              "title": "Possuir cor de fundo: rgb(253, 251, 251)",
              "fullTitle": "1 - Adicione uma cor de fundo específica para a página Possuir cor de fundo: rgb(253, 251, 251)",
              "timedOut": null,
              "duration": 94,
              "state": "passed",
              "speed": "slow",
              "pass": true,
              "fail": false,
              "pending": false,
              "context": null,
              "code": "cy.get('body').should('have.css', 'backgroundColor', 'rgb(253, 251, 251)');",
              "err": {},
              "uuid": "3473c429-2a81-4b1c-945d-8de16307a2ab",
              "parentUUID": "b823e50c-5733-42b0-bc8d-598996530b7d",
              "isHook": false,
              "skipped": false
            }
          ],
          "suites": [],
          "passes": [
            "3473c429-2a81-4b1c-945d-8de16307a2ab"
          ],
          "failures": [],
          "pending": [],
          "skipped": [],
          "duration": 94,
          "root": false,
          "rootEmpty": false,
          "_timeout": 2000
        },
        {
          "uuid": "4ed1806e-6d9e-4b2b-b386-8a97cb18dc93",
          "title": "2 - Adicione uma barra superior com um título",
          "fullFile": "",
          "file": "",
          "beforeHooks": [],
          "afterHooks": [],
          "tests": [
            {
              "title": "A barra deve possuir o ID \"cabecalho\"",
              "fullTitle": "2 - Adicione uma barra superior com um título A barra deve possuir o ID \"cabecalho\"",
              "timedOut": null,
              "duration": 70,
              "state": "passed",
              "speed": "medium",
              "pass": true,
              "fail": false,
              "pending": false,
              "context": null,
              "code": "(0, _ActionBase.shouldExist)('#cabecalho');",
              "err": {},
              "uuid": "dea893fd-af99-4436-9edd-6647fc208c0f",
              "parentUUID": "4ed1806e-6d9e-4b2b-b386-8a97cb18dc93",
              "isHook": false,
              "skipped": false
            },
            {
              "title": "A barra superior deve ser fixa no topo da página, com a propriedade top tendo o valor `0`",
              "fullTitle": "2 - Adicione uma barra superior com um título A barra superior deve ser fixa no topo da página, com a propriedade top tendo o valor `0`",
              "timedOut": null,
              "duration": 10074,
              "state": "failed",
              "speed": null,
              "pass": false,
              "fail": true,
              "pending": false,
              "context": null,
              "code": "cy.get('#cabecalho').should('have.css', 'position', 'fixed').should('have.css', 'top', '0px');",
              "err": {
                "message": "AssertionError: Timed out retrying: expected '<header#cabecalho>' to have CSS property 'position' with the value 'fixed', but the value was 'sticky'",
                "estack": "AssertionError: Timed out retrying: expected '<header#cabecalho>' to have CSS property 'position' with the value 'fixed', but the value was 'sticky'\n    at Context.eval (http://localhost:43431/__cypress/tests?p=cypress/integration/project.spec.js:159:26)",
                "diff": "- 'sticky'\n+ 'fixed'\n"
              },
              "uuid": "fa318203-d90e-43b6-b8bf-64b4e7bdce79",
              "parentUUID": "4ed1806e-6d9e-4b2b-b386-8a97cb18dc93",
              "isHook": false,
              "skipped": false
            },
            {
              "title": "O título deve estar dentro da barra e possuir o ID \"titulo\", além de ser uma tag \"h1\"",
              "fullTitle": "2 - Adicione uma barra superior com um título O título deve estar dentro da barra e possuir o ID \"titulo\", além de ser uma tag \"h1\"",
              "timedOut": null,
              "duration": 77,
              "state": "passed",
              "speed": "slow",
              "pass": true,
              "fail": false,
              "pending": false,
              "context": null,
              "code": "(0, _ActionBase.shouldExist)('#cabecalho h1#titulo');",
              "err": {},
              "uuid": "c910cb15-b0f9-4ce6-a9c1-f15a89c0264d",
              "parentUUID": "4ed1806e-6d9e-4b2b-b386-8a97cb18dc93",
              "isHook": false,
              "skipped": false
            }
          ],
          "suites": [],
          "passes": [
            "dea893fd-af99-4436-9edd-6647fc208c0f",
            "c910cb15-b0f9-4ce6-a9c1-f15a89c0264d"
          ],
          "failures": [
            "fa318203-d90e-43b6-b8bf-64b4e7bdce79"
          ],
          "pending": [],
          "skipped": [],
          "duration": 10221,
          "root": false,
          "rootEmpty": false,
          "_timeout": 2000
        },
        {
          "uuid": "31b75cd8-eb87-493b-ab01-71291aa6e331",
          "title": "3 - Adicione uma foto sua à página",
          "fullFile": "",
          "file": "",
          "beforeHooks": [],
          "afterHooks": [],
          "tests": [
            {
              "title": "A foto deve ser inserida utilizando uma tag img com o ID \"minha_foto\"",
              "fullTitle": "3 - Adicione uma foto sua à página A foto deve ser inserida utilizando uma tag img com o ID \"minha_foto\"",
              "timedOut": null,
              "duration": 87,
              "state": "passed",
              "speed": "slow",
              "pass": true,
              "fail": false,
              "pending": false,
              "context": null,
              "code": "cy.get('img#minha_foto').should('have.attr', 'src');",
              "err": {},
              "uuid": "e358291c-3e95-4606-9d7c-cf3fd885d08e",
              "parentUUID": "31b75cd8-eb87-493b-ab01-71291aa6e331",
              "isHook": false,
              "skipped": false
            }
          ],
          "suites": [],
          "passes": [
            "e358291c-3e95-4606-9d7c-cf3fd885d08e"
          ],
          "failures": [],
          "pending": [],
          "skipped": [],
          "duration": 87,
          "root": false,
          "rootEmpty": false,
          "_timeout": 2000
        },
        {
          "uuid": "a0bcbe91-786a-43eb-be31-d4c98d8c61a3",
          "title": "4 - Adicione uma lista de lições aprendidas à página",
          "fullFile": "",
          "file": "",
          "beforeHooks": [],
          "afterHooks": [],
          "tests": [
            {
              "title": "A lista deve ser numerada e possuir o ID \"licoes_aprendidas\"",
              "fullTitle": "4 - Adicione uma lista de lições aprendidas à página A lista deve ser numerada e possuir o ID \"licoes_aprendidas\"",
              "timedOut": null,
              "duration": 69,
              "state": "passed",
              "speed": "medium",
              "pass": true,
              "fail": false,
              "pending": false,
              "context": null,
              "code": "(0, _ActionBase.shouldExist)('ol#licoes_aprendidas');",
              "err": {},
              "uuid": "3c4ca535-8846-4fd5-8527-ab6f7c0087f1",
              "parentUUID": "a0bcbe91-786a-43eb-be31-d4c98d8c61a3",
              "isHook": false,
              "skipped": false
            },
            {
              "title": "A lista deve possuir 10 itens",
              "fullTitle": "4 - Adicione uma lista de lições aprendidas à página A lista deve possuir 10 itens",
              "timedOut": null,
              "duration": 94,
              "state": "passed",
              "speed": "slow",
              "pass": true,
              "fail": false,
              "pending": false,
              "context": null,
              "code": "cy.get('ol#licoes_aprendidas').find('li').should('have.length', 10);",
              "err": {},
              "uuid": "af925a59-7bad-4fa2-a246-c242b469bd6d",
              "parentUUID": "a0bcbe91-786a-43eb-be31-d4c98d8c61a3",
              "isHook": false,
              "skipped": false
            }
          ],
          "suites": [],
          "passes": [
            "3c4ca535-8846-4fd5-8527-ab6f7c0087f1",
            "af925a59-7bad-4fa2-a246-c242b469bd6d"
          ],
          "failures": [],
          "pending": [],
          "skipped": [],
          "duration": 163,
          "root": false,
          "rootEmpty": false,
          "_timeout": 2000
        },
        {
          "uuid": "ca171a2a-31dc-4291-837b-450786dad4c6",
          "title": "5 - Crie uma lista de lições que ainda deseja aprender para a página",
          "fullFile": "",
          "file": "",
          "beforeHooks": [],
          "afterHooks": [],
          "tests": [
            {
              "title": "A lista não deve ser numerada e deve possuir o ID \"licoes_a_aprender\"",
              "fullTitle": "5 - Crie uma lista de lições que ainda deseja aprender para a página A lista não deve ser numerada e deve possuir o ID \"licoes_a_aprender\"",
              "timedOut": null,
              "duration": 97,
              "state": "passed",
              "speed": "slow",
              "pass": true,
              "fail": false,
              "pending": false,
              "context": null,
              "code": "(0, _ActionBase.shouldExist)('ul#licoes_a_aprender');",
              "err": {},
              "uuid": "d3ff593c-b619-4f22-99a2-987adefa1a07",
              "parentUUID": "ca171a2a-31dc-4291-837b-450786dad4c6",
              "isHook": false,
              "skipped": false
            },
            {
              "title": "A lista deve possuir 10 itens",
              "fullTitle": "5 - Crie uma lista de lições que ainda deseja aprender para a página A lista deve possuir 10 itens",
              "timedOut": null,
              "duration": 131,
              "state": "passed",
              "speed": "slow",
              "pass": true,
              "fail": false,
              "pending": false,
              "context": null,
              "code": "cy.get('ul#licoes_a_aprender').find('li').should('have.length', 10);",
              "err": {},
              "uuid": "c04ff6f5-50b0-4a58-a8da-57da47b00aaf",
              "parentUUID": "ca171a2a-31dc-4291-837b-450786dad4c6",
              "isHook": false,
              "skipped": false
            }
          ],
          "suites": [],
          "passes": [
            "d3ff593c-b619-4f22-99a2-987adefa1a07",
            "c04ff6f5-50b0-4a58-a8da-57da47b00aaf"
          ],
          "failures": [],
          "pending": [],
          "skipped": [],
          "duration": 228,
          "root": false,
          "rootEmpty": false,
          "_timeout": 2000
        },
        {
          "uuid": "db2d7904-2c1e-4848-aa29-52aab1862b40",
          "title": "6 - Adicione um rodapé para a página",
          "fullFile": "",
          "file": "",
          "beforeHooks": [],
          "afterHooks": [],
          "tests": [
            {
              "title": "O rodapé deve possuir o ID \"rodape\"",
              "fullTitle": "6 - Adicione um rodapé para a página O rodapé deve possuir o ID \"rodape\"",
              "timedOut": null,
              "duration": 76,
              "state": "passed",
              "speed": "slow",
              "pass": true,
              "fail": false,
              "pending": false,
              "context": null,
              "code": "cy.get('footer#rodape').should('exist');",
              "err": {},
              "uuid": "6098d661-5c83-4c2f-b29d-b57eb2f0ec56",
              "parentUUID": "db2d7904-2c1e-4848-aa29-52aab1862b40",
              "isHook": false,
              "skipped": false
            }
          ],
          "suites": [],
          "passes": [
            "6098d661-5c83-4c2f-b29d-b57eb2f0ec56"
          ],
          "failures": [],
          "pending": [],
          "skipped": [],
          "duration": 76,
          "root": false,
          "rootEmpty": false,
          "_timeout": 2000
        },
        {
          "uuid": "6ed821bd-6c0a-4e8d-aba3-8c231aacb3f9",
          "title": "7 - Insira pelo menos um link externo na página",
          "fullFile": "",
          "file": "",
          "beforeHooks": [],
          "afterHooks": [],
          "tests": [
            {
              "title": "A configuração desse link deve ser feita para abrir em uma nova aba do navegador",
              "fullTitle": "7 - Insira pelo menos um link externo na página A configuração desse link deve ser feita para abrir em uma nova aba do navegador",
              "timedOut": null,
              "duration": 84,
              "state": "passed",
              "speed": "slow",
              "pass": true,
              "fail": false,
              "pending": false,
              "context": null,
              "code": "cy.get('a').then(function (a) {\n  var actual = Array.from(a).some(function (element) {\n    return element.target === '_blank' && element.href !== '';\n  });\n  expect(actual).to.be[\"true\"];\n});",
              "err": {},
              "uuid": "b53c3407-1481-407d-a6ca-ff20d7f33700",
              "parentUUID": "6ed821bd-6c0a-4e8d-aba3-8c231aacb3f9",
              "isHook": false,
              "skipped": false
            }
          ],
          "suites": [],
          "passes": [
            "b53c3407-1481-407d-a6ca-ff20d7f33700"
          ],
          "failures": [],
          "pending": [],
          "skipped": [],
          "duration": 84,
          "root": false,
          "rootEmpty": false,
          "_timeout": 2000
        },
        {
          "uuid": "9e2d0db7-7c78-4e04-9102-ca289312bb90",
          "title": "8 - Crie um artigo sobre seu aprendizado",
          "fullFile": "",
          "file": "",
          "beforeHooks": [],
          "afterHooks": [],
          "tests": [
            {
              "title": "A `tag` `article` devem ser utilizadas",
              "fullTitle": "8 - Crie um artigo sobre seu aprendizado A `tag` `article` devem ser utilizadas",
              "timedOut": null,
              "duration": 87,
              "state": "passed",
              "speed": "slow",
              "pass": true,
              "fail": false,
              "pending": false,
              "context": null,
              "code": "(0, _ActionBase.shouldExist)('article');",
              "err": {},
              "uuid": "82687953-740f-43d2-b62f-b9fd630553c3",
              "parentUUID": "9e2d0db7-7c78-4e04-9102-ca289312bb90",
              "isHook": false,
              "skipped": false
            },
            {
              "title": "O artigo deve ter mais de 300 caracteres e menos de 600",
              "fullTitle": "8 - Crie um artigo sobre seu aprendizado O artigo deve ter mais de 300 caracteres e menos de 600",
              "timedOut": null,
              "duration": 96,
              "state": "failed",
              "speed": null,
              "pass": false,
              "fail": true,
              "pending": false,
              "context": null,
              "code": "cy.get('article').invoke('text').then(function (text) {\n  expect(text).to.have.length.of.at.most(600);\n  expect(text).to.have.length.of.at.above(300);\n});",
              "err": {
                "message": "AssertionError: expected '\\n                \\n                    No processo de aprendizado da Trybe, tenho conseguido aprender de forma prática e aplicada, diversos conteúdos relacionados a área de programação Web.\\n                \\n                \\n                    Já vimos os fundamentos mais básicos necessários, ferramentas de versionamento, e começamos a colocar a mão na massa com HTML e CSS. E essa página já é fruto de todos esses conhecimentos iniciais.\\n                \\n                \\n                    Além disso, temos aprendido soft skills, que nos ajuda a lidar com nós mesmos e com outras pessoas.\\n                \\n                \\n                    Durante o conteúdo de Git e GitHub, tive que reaprender a fazer coisas que eu achava que já sabia. Porém, o que tinha aprendido era muito básico, sem explicação concreta, e no sistema Windows, que tinha procedimentos bem diferentes.\\n                \\n            ' to have a length at most 600 but got 910",
                "estack": "AssertionError: expected '\\n                \\n                    No processo de aprendizado da Trybe, tenho conseguido aprender de forma prática e aplicada, diversos conteúdos relacionados a área de programação Web.\\n                \\n                \\n                    Já vimos os fundamentos mais básicos necessários, ferramentas de versionamento, e começamos a colocar a mão na massa com HTML e CSS. E essa página já é fruto de todos esses conhecimentos iniciais.\\n                \\n                \\n                    Além disso, temos aprendido soft skills, que nos ajuda a lidar com nós mesmos e com outras pessoas.\\n                \\n                \\n                    Durante o conteúdo de Git e GitHub, tive que reaprender a fazer coisas que eu achava que já sabia. Porém, o que tinha aprendido era muito básico, sem explicação concreta, e no sistema Windows, que tinha procedimentos bem diferentes.\\n                \\n            ' to have a length at most 600 but got 910\n    at Context.eval (http://localhost:43431/__cypress/tests?p=cypress/integration/project.spec.js:225:41)",
                "diff": "- 910\n+ 600\n"
              },
              "uuid": "e59a696d-adee-4721-b2a6-f6c639106b4c",
              "parentUUID": "9e2d0db7-7c78-4e04-9102-ca289312bb90",
              "isHook": false,
              "skipped": false
            }
          ],
          "suites": [],
          "passes": [
            "82687953-740f-43d2-b62f-b9fd630553c3"
          ],
          "failures": [
            "e59a696d-adee-4721-b2a6-f6c639106b4c"
          ],
          "pending": [],
          "skipped": [],
          "duration": 183,
          "root": false,
          "rootEmpty": false,
          "_timeout": 2000
        },
        {
          "uuid": "057c1850-f1b8-46ec-828f-9b109503954a",
          "title": "9 - Crie uma seção que conta uma passagem sobre seu aprendizado",
          "fullFile": "",
          "file": "",
          "beforeHooks": [],
          "afterHooks": [],
          "tests": [
            {
              "title": "A `tag` `aside` deve ser utilizada",
              "fullTitle": "9 - Crie uma seção que conta uma passagem sobre seu aprendizado A `tag` `aside` deve ser utilizada",
              "timedOut": null,
              "duration": 110,
              "state": "passed",
              "speed": "slow",
              "pass": true,
              "fail": false,
              "pending": false,
              "context": null,
              "code": "(0, _ActionBase.shouldExist)('aside');",
              "err": {},
              "uuid": "0d4fcd43-c0c5-4e8d-a73b-951162d78d1c",
              "parentUUID": "057c1850-f1b8-46ec-828f-9b109503954a",
              "isHook": false,
              "skipped": false
            },
            {
              "title": "A seção deve ter mais que 100 caracteres e menos que 300",
              "fullTitle": "9 - Crie uma seção que conta uma passagem sobre seu aprendizado A seção deve ter mais que 100 caracteres e menos que 300",
              "timedOut": null,
              "duration": 114,
              "state": "passed",
              "speed": "slow",
              "pass": true,
              "fail": false,
              "pending": false,
              "context": null,
              "code": "cy.get('aside').invoke('text').then(function (text) {\n  expect(text).to.have.length.of.at.above(100);\n  expect(text).to.have.length.of.at.most(300);\n});",
              "err": {},
              "uuid": "4096c814-4c48-4b19-a420-910f5f35822a",
              "parentUUID": "057c1850-f1b8-46ec-828f-9b109503954a",
              "isHook": false,
              "skipped": false
            }
          ],
          "suites": [],
          "passes": [
            "0d4fcd43-c0c5-4e8d-a73b-951162d78d1c",
            "4096c814-4c48-4b19-a420-910f5f35822a"
          ],
          "failures": [],
          "pending": [],
          "skipped": [],
          "duration": 224,
          "root": false,
          "rootEmpty": false,
          "_timeout": 2000
        },
        {
          "uuid": "74d9e3a8-7d49-47b4-95be-244f2b2a384d",
          "title": "10 - Aplique elementos HTML de acordo com o sentido e propósito de cada um deles",
          "fullFile": "",
          "file": "",
          "beforeHooks": [],
          "afterHooks": [],
          "tests": [
            {
              "title": "Validar se a página possui um elemento \"article\"",
              "fullTitle": "10 - Aplique elementos HTML de acordo com o sentido e propósito de cada um deles Validar se a página possui um elemento \"article\"",
              "timedOut": null,
              "duration": 115,
              "state": "passed",
              "speed": "slow",
              "pass": true,
              "fail": false,
              "pending": false,
              "context": null,
              "code": "(0, _ActionBase.shouldExist)('article');",
              "err": {},
              "uuid": "4f0deab2-5d44-49d8-9f56-cc9dce9a8c74",
              "parentUUID": "74d9e3a8-7d49-47b4-95be-244f2b2a384d",
              "isHook": false,
              "skipped": false
            },
            {
              "title": "Validar se a página possui um elemento \"header\"",
              "fullTitle": "10 - Aplique elementos HTML de acordo com o sentido e propósito de cada um deles Validar se a página possui um elemento \"header\"",
              "timedOut": null,
              "duration": 121,
              "state": "passed",
              "speed": "slow",
              "pass": true,
              "fail": false,
              "pending": false,
              "context": null,
              "code": "(0, _ActionBase.shouldExist)('header');",
              "err": {},
              "uuid": "a039458a-2ecc-4711-a739-83353f5626d3",
              "parentUUID": "74d9e3a8-7d49-47b4-95be-244f2b2a384d",
              "isHook": false,
              "skipped": false
            },
            {
              "title": "Validar se a página possui um elemento \"nav\"",
              "fullTitle": "10 - Aplique elementos HTML de acordo com o sentido e propósito de cada um deles Validar se a página possui um elemento \"nav\"",
              "timedOut": null,
              "duration": 79,
              "state": "passed",
              "speed": "slow",
              "pass": true,
              "fail": false,
              "pending": false,
              "context": null,
              "code": "(0, _ActionBase.shouldExist)('nav');",
              "err": {},
              "uuid": "27b39ef2-80a7-414f-bfd7-bbdfc84d7dc2",
              "parentUUID": "74d9e3a8-7d49-47b4-95be-244f2b2a384d",
              "isHook": false,
              "skipped": false
            },
            {
              "title": "Validar se a página possui um elemento \"section\"",
              "fullTitle": "10 - Aplique elementos HTML de acordo com o sentido e propósito de cada um deles Validar se a página possui um elemento \"section\"",
              "timedOut": null,
              "duration": 96,
              "state": "passed",
              "speed": "slow",
              "pass": true,
              "fail": false,
              "pending": false,
              "context": null,
              "code": "(0, _ActionBase.shouldExist)('section');",
              "err": {},
              "uuid": "8431cc5b-9c7c-41de-8e63-a44443e25a93",
              "parentUUID": "74d9e3a8-7d49-47b4-95be-244f2b2a384d",
              "isHook": false,
              "skipped": false
            },
            {
              "title": "Validar se a página possui um elemento \"aside\"",
              "fullTitle": "10 - Aplique elementos HTML de acordo com o sentido e propósito de cada um deles Validar se a página possui um elemento \"aside\"",
              "timedOut": null,
              "duration": 98,
              "state": "passed",
              "speed": "slow",
              "pass": true,
              "fail": false,
              "pending": false,
              "context": null,
              "code": "(0, _ActionBase.shouldExist)('aside');",
              "err": {},
              "uuid": "aeb0aba3-762a-4590-92ef-7b7aee087d13",
              "parentUUID": "74d9e3a8-7d49-47b4-95be-244f2b2a384d",
              "isHook": false,
              "skipped": false
            },
            {
              "title": "Validar se a página possui um elemento \"footer\"",
              "fullTitle": "10 - Aplique elementos HTML de acordo com o sentido e propósito de cada um deles Validar se a página possui um elemento \"footer\"",
              "timedOut": null,
              "duration": 111,
              "state": "passed",
              "speed": "slow",
              "pass": true,
              "fail": false,
              "pending": false,
              "context": null,
              "code": "(0, _ActionBase.shouldExist)('footer');",
              "err": {},
              "uuid": "352b8a9b-db5b-45bd-806e-6bd5d67e5b20",
              "parentUUID": "74d9e3a8-7d49-47b4-95be-244f2b2a384d",
              "isHook": false,
              "skipped": false
            }
          ],
          "suites": [],
          "passes": [
            "4f0deab2-5d44-49d8-9f56-cc9dce9a8c74",
            "a039458a-2ecc-4711-a739-83353f5626d3",
            "27b39ef2-80a7-414f-bfd7-bbdfc84d7dc2",
            "8431cc5b-9c7c-41de-8e63-a44443e25a93",
            "aeb0aba3-762a-4590-92ef-7b7aee087d13",
            "352b8a9b-db5b-45bd-806e-6bd5d67e5b20"
          ],
          "failures": [],
          "pending": [],
          "skipped": [],
          "duration": 620,
          "root": false,
          "rootEmpty": false,
          "_timeout": 2000
        },
        {
          "uuid": "21c624a4-ba75-433c-8c6b-11d53d5ae7b0",
          "title": "11 - Teste a semântica da sua página está aprovada pelo site CodeSniffer",
          "fullFile": "",
          "file": "",
          "beforeHooks": [],
          "afterHooks": [],
          "tests": [
            {
              "title": "Seu site deve passar sem problemas na verificação de semântica do site CodeSniffer",
              "fullTitle": "11 - Teste a semântica da sua página está aprovada pelo site CodeSniffer Seu site deve passar sem problemas na verificação de semântica do site CodeSniffer",
              "timedOut": null,
              "duration": 1856,
              "state": "passed",
              "speed": "slow",
              "pass": true,
              "fail": false,
              "pending": false,
              "context": null,
              "code": "cy.readFile('./index.html').then(function (content) {\n  cy.visit('http://squizlabs.github.io/HTML_CodeSniffer/');\n  cy.get('#runHTMLCS').click();\n  cy.get('#source').invoke('val', content).trigger('input');\n  cy.get('#run-button').click();\n  cy.get('.result-count-errors').contains(/^0$/);\n});",
              "err": {},
              "uuid": "b38a4293-fe4d-46e0-ba44-683bbec94ab3",
              "parentUUID": "21c624a4-ba75-433c-8c6b-11d53d5ae7b0",
              "isHook": false,
              "skipped": false
            }
          ],
          "suites": [],
          "passes": [
            "b38a4293-fe4d-46e0-ba44-683bbec94ab3"
          ],
          "failures": [],
          "pending": [],
          "skipped": [],
          "duration": 1856,
          "root": false,
          "rootEmpty": false,
          "_timeout": 2000
        }
      ],
      "passes": [],
      "failures": [],
      "pending": [],
      "skipped": [],
      "duration": 0,
      "root": true,
      "rootEmpty": true,
      "_timeout": 2000
    }
  ],
  "meta": {
    "mocha": {
      "version": "7.0.1"
    },
    "mochawesome": {
      "options": {
        "quiet": false,
        "reportFilename": "mochawesome",
        "saveHtml": false,
        "saveJson": true,
        "consoleReporter": "spec",
        "useInlineDiffs": false
      },
      "version": "4.1.0"
    },
    "marge": {
      "options": {
        "id": "default",
        "reportDir": "cypress/reports",
        "overwrite": false,
        "html": false,
        "json": true
      },
      "version": "4.1.0"
    }
  }
}