{
  "stats": {
    "suites": 11,
    "tests": 22,
    "passes": 19,
    "pending": 0,
    "failures": 3,
    "start": "2022-05-11T22:22:56.809Z",
    "end": "2022-05-11T22:23:21.503Z",
    "duration": 24694,
    "testsRegistered": 22,
    "passPercent": 86.36363636363636,
    "pendingPercent": 0,
    "other": 0,
    "hasOther": false,
    "skipped": 0,
    "hasSkipped": false
  },
  "results": [
    {
      "uuid": "5aa5a3bc-dc1e-466c-887a-412dea8df7b7",
      "title": "",
      "fullFile": "cypress/integration/project.spec.js",
      "file": "cypress/integration/project.spec.js",
      "beforeHooks": [],
      "afterHooks": [],
      "tests": [],
      "suites": [
        {
          "uuid": "ad1c3aee-fff4-4776-999a-ac6a44d4f6a2",
          "title": "1 - Adicione uma cor de fundo específica para a página",
          "fullFile": "",
          "file": "",
          "beforeHooks": [],
          "afterHooks": [],
          "tests": [
            {
              "title": "Possuir cor de fundo: rgb(253, 251, 251)",
              "fullTitle": "1 - Adicione uma cor de fundo específica para a página Possuir cor de fundo: rgb(253, 251, 251)",
              "timedOut": null,
              "duration": 90,
              "state": "passed",
              "speed": "slow",
              "pass": true,
              "fail": false,
              "pending": false,
              "context": null,
              "code": "cy.get('body').should('have.css', 'backgroundColor', 'rgb(253, 251, 251)');",
              "err": {},
              "uuid": "9113e4bd-8d02-42b6-8451-4433b9d6d2f2",
              "parentUUID": "ad1c3aee-fff4-4776-999a-ac6a44d4f6a2",
              "isHook": false,
              "skipped": false
            }
          ],
          "suites": [],
          "passes": [
            "9113e4bd-8d02-42b6-8451-4433b9d6d2f2"
          ],
          "failures": [],
          "pending": [],
          "skipped": [],
          "duration": 90,
          "root": false,
          "rootEmpty": false,
          "_timeout": 2000
        },
        {
          "uuid": "904cb49e-3460-40a5-9663-b5c8b8231047",
          "title": "2 - Adicione uma barra superior com um título",
          "fullFile": "",
          "file": "",
          "beforeHooks": [],
          "afterHooks": [],
          "tests": [
            {
              "title": "A barra deve possuir o ID \"cabecalho\"",
              "fullTitle": "2 - Adicione uma barra superior com um título A barra deve possuir o ID \"cabecalho\"",
              "timedOut": null,
              "duration": 71,
              "state": "passed",
              "speed": "medium",
              "pass": true,
              "fail": false,
              "pending": false,
              "context": null,
              "code": "(0, _ActionBase.shouldExist)('#cabecalho');",
              "err": {},
              "uuid": "aa93ab65-183f-44cb-9a2e-82dfbcbfdb0f",
              "parentUUID": "904cb49e-3460-40a5-9663-b5c8b8231047",
              "isHook": false,
              "skipped": false
            },
            {
              "title": "A barra superior deve ser fixa no topo da página, com a propriedade top tendo o valor `0`",
              "fullTitle": "2 - Adicione uma barra superior com um título A barra superior deve ser fixa no topo da página, com a propriedade top tendo o valor `0`",
              "timedOut": null,
              "duration": 73,
              "state": "passed",
              "speed": "medium",
              "pass": true,
              "fail": false,
              "pending": false,
              "context": null,
              "code": "cy.get('#cabecalho').should('have.css', 'position', 'fixed').should('have.css', 'top', '0px');",
              "err": {},
              "uuid": "a44e4aae-f1a6-4cc6-960a-449d93ec96c0",
              "parentUUID": "904cb49e-3460-40a5-9663-b5c8b8231047",
              "isHook": false,
              "skipped": false
            },
            {
              "title": "O título deve estar dentro da barra e possuir o ID \"titulo\", além de ser uma tag \"h1\"",
              "fullTitle": "2 - Adicione uma barra superior com um título O título deve estar dentro da barra e possuir o ID \"titulo\", além de ser uma tag \"h1\"",
              "timedOut": null,
              "duration": 56,
              "state": "passed",
              "speed": "medium",
              "pass": true,
              "fail": false,
              "pending": false,
              "context": null,
              "code": "(0, _ActionBase.shouldExist)('#cabecalho h1#titulo');",
              "err": {},
              "uuid": "319ad47e-46b7-4feb-9224-36944cd41bf5",
              "parentUUID": "904cb49e-3460-40a5-9663-b5c8b8231047",
              "isHook": false,
              "skipped": false
            }
          ],
          "suites": [],
          "passes": [
            "aa93ab65-183f-44cb-9a2e-82dfbcbfdb0f",
            "a44e4aae-f1a6-4cc6-960a-449d93ec96c0",
            "319ad47e-46b7-4feb-9224-36944cd41bf5"
          ],
          "failures": [],
          "pending": [],
          "skipped": [],
          "duration": 200,
          "root": false,
          "rootEmpty": false,
          "_timeout": 2000
        },
        {
          "uuid": "1379c9a0-d5a1-48cc-a560-89f8f53a198d",
          "title": "3 - Adicione uma foto sua à página",
          "fullFile": "",
          "file": "",
          "beforeHooks": [],
          "afterHooks": [],
          "tests": [
            {
              "title": "A foto deve ser inserida utilizando uma tag img com o ID \"minha_foto\"",
              "fullTitle": "3 - Adicione uma foto sua à página A foto deve ser inserida utilizando uma tag img com o ID \"minha_foto\"",
              "timedOut": null,
              "duration": 69,
              "state": "passed",
              "speed": "medium",
              "pass": true,
              "fail": false,
              "pending": false,
              "context": null,
              "code": "cy.get('img#minha_foto').should('have.attr', 'src');",
              "err": {},
              "uuid": "cdfdbedb-db06-4489-b3ae-874f3a9066ee",
              "parentUUID": "1379c9a0-d5a1-48cc-a560-89f8f53a198d",
              "isHook": false,
              "skipped": false
            }
          ],
          "suites": [],
          "passes": [
            "cdfdbedb-db06-4489-b3ae-874f3a9066ee"
          ],
          "failures": [],
          "pending": [],
          "skipped": [],
          "duration": 69,
          "root": false,
          "rootEmpty": false,
          "_timeout": 2000
        },
        {
          "uuid": "ba06141a-fdf9-49d2-b14a-12f92ad3eb31",
          "title": "4 - Adicione uma lista de lições aprendidas à página",
          "fullFile": "",
          "file": "",
          "beforeHooks": [],
          "afterHooks": [],
          "tests": [
            {
              "title": "A lista deve ser numerada e possuir o ID \"licoes_aprendidas\"",
              "fullTitle": "4 - Adicione uma lista de lições aprendidas à página A lista deve ser numerada e possuir o ID \"licoes_aprendidas\"",
              "timedOut": null,
              "duration": 68,
              "state": "passed",
              "speed": "medium",
              "pass": true,
              "fail": false,
              "pending": false,
              "context": null,
              "code": "(0, _ActionBase.shouldExist)('ol#licoes_aprendidas');",
              "err": {},
              "uuid": "75c105d2-93c8-4d0d-b505-ef3e5e73816f",
              "parentUUID": "ba06141a-fdf9-49d2-b14a-12f92ad3eb31",
              "isHook": false,
              "skipped": false
            },
            {
              "title": "A lista deve possuir 10 itens",
              "fullTitle": "4 - Adicione uma lista de lições aprendidas à página A lista deve possuir 10 itens",
              "timedOut": null,
              "duration": 78,
              "state": "passed",
              "speed": "slow",
              "pass": true,
              "fail": false,
              "pending": false,
              "context": null,
              "code": "cy.get('ol#licoes_aprendidas').find('li').should('have.length', 10);",
              "err": {},
              "uuid": "f03c19dc-5391-4ed0-bfd2-c041b7ce9584",
              "parentUUID": "ba06141a-fdf9-49d2-b14a-12f92ad3eb31",
              "isHook": false,
              "skipped": false
            }
          ],
          "suites": [],
          "passes": [
            "75c105d2-93c8-4d0d-b505-ef3e5e73816f",
            "f03c19dc-5391-4ed0-bfd2-c041b7ce9584"
          ],
          "failures": [],
          "pending": [],
          "skipped": [],
          "duration": 146,
          "root": false,
          "rootEmpty": false,
          "_timeout": 2000
        },
        {
          "uuid": "a7a4f588-d332-444d-8bb0-0712d6f0ea66",
          "title": "5 - Crie uma lista de lições que ainda deseja aprender para a página",
          "fullFile": "",
          "file": "",
          "beforeHooks": [],
          "afterHooks": [],
          "tests": [
            {
              "title": "A lista não deve ser numerada e deve possuir o ID \"licoes_a_aprender\"",
              "fullTitle": "5 - Crie uma lista de lições que ainda deseja aprender para a página A lista não deve ser numerada e deve possuir o ID \"licoes_a_aprender\"",
              "timedOut": null,
              "duration": 82,
              "state": "passed",
              "speed": "slow",
              "pass": true,
              "fail": false,
              "pending": false,
              "context": null,
              "code": "(0, _ActionBase.shouldExist)('ul#licoes_a_aprender');",
              "err": {},
              "uuid": "2231e77b-8755-43d4-879c-242c23b20f14",
              "parentUUID": "a7a4f588-d332-444d-8bb0-0712d6f0ea66",
              "isHook": false,
              "skipped": false
            },
            {
              "title": "A lista deve possuir 10 itens",
              "fullTitle": "5 - Crie uma lista de lições que ainda deseja aprender para a página A lista deve possuir 10 itens",
              "timedOut": null,
              "duration": 75,
              "state": "passed",
              "speed": "medium",
              "pass": true,
              "fail": false,
              "pending": false,
              "context": null,
              "code": "cy.get('ul#licoes_a_aprender').find('li').should('have.length', 10);",
              "err": {},
              "uuid": "5d2016d7-ebaa-49b7-84a6-b829259e429f",
              "parentUUID": "a7a4f588-d332-444d-8bb0-0712d6f0ea66",
              "isHook": false,
              "skipped": false
            }
          ],
          "suites": [],
          "passes": [
            "2231e77b-8755-43d4-879c-242c23b20f14",
            "5d2016d7-ebaa-49b7-84a6-b829259e429f"
          ],
          "failures": [],
          "pending": [],
          "skipped": [],
          "duration": 157,
          "root": false,
          "rootEmpty": false,
          "_timeout": 2000
        },
        {
          "uuid": "7d9298bb-ea4a-4d33-930a-82a9a477f2c5",
          "title": "6 - Adicione um rodapé para a página",
          "fullFile": "",
          "file": "",
          "beforeHooks": [],
          "afterHooks": [],
          "tests": [
            {
              "title": "O rodapé deve possuir o ID \"rodape\"",
              "fullTitle": "6 - Adicione um rodapé para a página O rodapé deve possuir o ID \"rodape\"",
              "timedOut": null,
              "duration": 70,
              "state": "passed",
              "speed": "medium",
              "pass": true,
              "fail": false,
              "pending": false,
              "context": null,
              "code": "cy.get('footer#rodape').should('exist');",
              "err": {},
              "uuid": "0b708ade-9ff4-41bb-8302-672f90357ee0",
              "parentUUID": "7d9298bb-ea4a-4d33-930a-82a9a477f2c5",
              "isHook": false,
              "skipped": false
            }
          ],
          "suites": [],
          "passes": [
            "0b708ade-9ff4-41bb-8302-672f90357ee0"
          ],
          "failures": [],
          "pending": [],
          "skipped": [],
          "duration": 70,
          "root": false,
          "rootEmpty": false,
          "_timeout": 2000
        },
        {
          "uuid": "3664bf97-5b27-479d-8c48-afa395eaf236",
          "title": "7 - Insira pelo menos um link externo na página",
          "fullFile": "",
          "file": "",
          "beforeHooks": [],
          "afterHooks": [],
          "tests": [
            {
              "title": "A configuração desse link deve ser feita para abrir em uma nova aba do navegador",
              "fullTitle": "7 - Insira pelo menos um link externo na página A configuração desse link deve ser feita para abrir em uma nova aba do navegador",
              "timedOut": null,
              "duration": 68,
              "state": "passed",
              "speed": "medium",
              "pass": true,
              "fail": false,
              "pending": false,
              "context": null,
              "code": "cy.get('a').then(function (a) {\n  var actual = Array.from(a).some(function (element) {\n    return element.target === '_blank' && element.href !== '';\n  });\n  expect(actual).to.be[\"true\"];\n});",
              "err": {},
              "uuid": "d6cc40bf-e66e-446f-958d-3281d9c208c8",
              "parentUUID": "3664bf97-5b27-479d-8c48-afa395eaf236",
              "isHook": false,
              "skipped": false
            }
          ],
          "suites": [],
          "passes": [
            "d6cc40bf-e66e-446f-958d-3281d9c208c8"
          ],
          "failures": [],
          "pending": [],
          "skipped": [],
          "duration": 68,
          "root": false,
          "rootEmpty": false,
          "_timeout": 2000
        },
        {
          "uuid": "33d9d7ac-0bc5-4097-85ea-7f70ea243603",
          "title": "8 - Crie um artigo sobre seu aprendizado",
          "fullFile": "",
          "file": "",
          "beforeHooks": [],
          "afterHooks": [],
          "tests": [
            {
              "title": "A `tag` `article` devem ser utilizadas",
              "fullTitle": "8 - Crie um artigo sobre seu aprendizado A `tag` `article` devem ser utilizadas",
              "timedOut": null,
              "duration": 60,
              "state": "passed",
              "speed": "medium",
              "pass": true,
              "fail": false,
              "pending": false,
              "context": null,
              "code": "(0, _ActionBase.shouldExist)('article');",
              "err": {},
              "uuid": "660c9853-dc8b-4110-935a-c6870ce06a42",
              "parentUUID": "33d9d7ac-0bc5-4097-85ea-7f70ea243603",
              "isHook": false,
              "skipped": false
            },
            {
              "title": "O artigo deve ter mais de 300 caracteres e menos de 600",
              "fullTitle": "8 - Crie um artigo sobre seu aprendizado O artigo deve ter mais de 300 caracteres e menos de 600",
              "timedOut": null,
              "duration": 79,
              "state": "failed",
              "speed": null,
              "pass": false,
              "fail": true,
              "pending": false,
              "context": null,
              "code": "cy.get('article').invoke('text').then(function (text) {\n  expect(text).to.have.length.of.at.most(600);\n  expect(text).to.have.length.of.at.above(300);\n});",
              "err": {
                "message": "AssertionError: expected '\\n            \\n                No processo de aprendizado da Trybe, tenho conseguido aprender de forma prática e aplicada, diversos conteúdos relacionados a área de programação Web.\\n            \\n            \\n                Já vimos os fundamentos mais básicos necessários, ferramentas de versionamento, e começamos a colocar a mão na massa com HTML e CSS. E essa página já é fruto de todos esses conhecimentos iniciais.\\n            \\n            \\n                Além disso, temos aprendido soft skills, que nos ajuda a lidar com nós mesmos e com outras pessoas.\\n            \\n            \\n                Durante o conteúdo de Git e GitHub, tive que reaprender a fazer coisas que eu achava que já sabia. Porém, o que tinha aprendido era muito básico, sem explicação concreta, e no sistema Windows, que tinha procedimentos bem diferentes.\\n            \\n        ' to have a length at most 600 but got 858",
                "estack": "AssertionError: expected '\\n            \\n                No processo de aprendizado da Trybe, tenho conseguido aprender de forma prática e aplicada, diversos conteúdos relacionados a área de programação Web.\\n            \\n            \\n                Já vimos os fundamentos mais básicos necessários, ferramentas de versionamento, e começamos a colocar a mão na massa com HTML e CSS. E essa página já é fruto de todos esses conhecimentos iniciais.\\n            \\n            \\n                Além disso, temos aprendido soft skills, que nos ajuda a lidar com nós mesmos e com outras pessoas.\\n            \\n            \\n                Durante o conteúdo de Git e GitHub, tive que reaprender a fazer coisas que eu achava que já sabia. Porém, o que tinha aprendido era muito básico, sem explicação concreta, e no sistema Windows, que tinha procedimentos bem diferentes.\\n            \\n        ' to have a length at most 600 but got 858\n    at Context.eval (http://localhost:34105/__cypress/tests?p=cypress/integration/project.spec.js:225:41)",
                "diff": "- 858\n+ 600\n"
              },
              "uuid": "3ece143d-7a1a-4fa3-8fff-ca086454217d",
              "parentUUID": "33d9d7ac-0bc5-4097-85ea-7f70ea243603",
              "isHook": false,
              "skipped": false
            }
          ],
          "suites": [],
          "passes": [
            "660c9853-dc8b-4110-935a-c6870ce06a42"
          ],
          "failures": [
            "3ece143d-7a1a-4fa3-8fff-ca086454217d"
          ],
          "pending": [],
          "skipped": [],
          "duration": 139,
          "root": false,
          "rootEmpty": false,
          "_timeout": 2000
        },
        {
          "uuid": "4ac6a236-4bea-4ffc-8f70-e3e2b707a9f1",
          "title": "9 - Crie uma seção que conta uma passagem sobre seu aprendizado",
          "fullFile": "",
          "file": "",
          "beforeHooks": [],
          "afterHooks": [],
          "tests": [
            {
              "title": "A `tag` `aside` deve ser utilizada",
              "fullTitle": "9 - Crie uma seção que conta uma passagem sobre seu aprendizado A `tag` `aside` deve ser utilizada",
              "timedOut": null,
              "duration": 67,
              "state": "passed",
              "speed": "medium",
              "pass": true,
              "fail": false,
              "pending": false,
              "context": null,
              "code": "(0, _ActionBase.shouldExist)('aside');",
              "err": {},
              "uuid": "74048d47-da82-4843-9677-87dc40e9e2c0",
              "parentUUID": "4ac6a236-4bea-4ffc-8f70-e3e2b707a9f1",
              "isHook": false,
              "skipped": false
            },
            {
              "title": "A seção deve ter mais que 100 caracteres e menos que 300",
              "fullTitle": "9 - Crie uma seção que conta uma passagem sobre seu aprendizado A seção deve ter mais que 100 caracteres e menos que 300",
              "timedOut": null,
              "duration": 69,
              "state": "passed",
              "speed": "medium",
              "pass": true,
              "fail": false,
              "pending": false,
              "context": null,
              "code": "cy.get('aside').invoke('text').then(function (text) {\n  expect(text).to.have.length.of.at.above(100);\n  expect(text).to.have.length.of.at.most(300);\n});",
              "err": {},
              "uuid": "4355736f-7c90-4377-ba10-2803b786d6d3",
              "parentUUID": "4ac6a236-4bea-4ffc-8f70-e3e2b707a9f1",
              "isHook": false,
              "skipped": false
            }
          ],
          "suites": [],
          "passes": [
            "74048d47-da82-4843-9677-87dc40e9e2c0",
            "4355736f-7c90-4377-ba10-2803b786d6d3"
          ],
          "failures": [],
          "pending": [],
          "skipped": [],
          "duration": 136,
          "root": false,
          "rootEmpty": false,
          "_timeout": 2000
        },
        {
          "uuid": "42de2d78-802b-4213-a9ca-f7c4d64081a3",
          "title": "10 - Aplique elementos HTML de acordo com o sentido e propósito de cada um deles",
          "fullFile": "",
          "file": "",
          "beforeHooks": [],
          "afterHooks": [],
          "tests": [
            {
              "title": "Validar se a página possui um elemento \"article\"",
              "fullTitle": "10 - Aplique elementos HTML de acordo com o sentido e propósito de cada um deles Validar se a página possui um elemento \"article\"",
              "timedOut": null,
              "duration": 64,
              "state": "passed",
              "speed": "medium",
              "pass": true,
              "fail": false,
              "pending": false,
              "context": null,
              "code": "(0, _ActionBase.shouldExist)('article');",
              "err": {},
              "uuid": "66908b93-8d0b-4546-ab4c-e8d0eea553f1",
              "parentUUID": "42de2d78-802b-4213-a9ca-f7c4d64081a3",
              "isHook": false,
              "skipped": false
            },
            {
              "title": "Validar se a página possui um elemento \"header\"",
              "fullTitle": "10 - Aplique elementos HTML de acordo com o sentido e propósito de cada um deles Validar se a página possui um elemento \"header\"",
              "timedOut": null,
              "duration": 69,
              "state": "passed",
              "speed": "medium",
              "pass": true,
              "fail": false,
              "pending": false,
              "context": null,
              "code": "(0, _ActionBase.shouldExist)('header');",
              "err": {},
              "uuid": "23ef40a0-8a1e-466b-8601-013af0dbe6a6",
              "parentUUID": "42de2d78-802b-4213-a9ca-f7c4d64081a3",
              "isHook": false,
              "skipped": false
            },
            {
              "title": "Validar se a página possui um elemento \"nav\"",
              "fullTitle": "10 - Aplique elementos HTML de acordo com o sentido e propósito de cada um deles Validar se a página possui um elemento \"nav\"",
              "timedOut": null,
              "duration": 10066,
              "state": "failed",
              "speed": null,
              "pass": false,
              "fail": true,
              "pending": false,
              "context": null,
              "code": "(0, _ActionBase.shouldExist)('nav');",
              "err": {
                "message": "AssertionError: Timed out retrying: Expected to find element: `nav`, but never found it.",
                "estack": "AssertionError: Timed out retrying: Expected to find element: `nav`, but never found it.\n    at shouldExist (http://localhost:34105/__cypress/tests?p=cypress/integration/project.spec.js:108:20)\n    at Context.eval (http://localhost:34105/__cypress/tests?p=cypress/integration/project.spec.js:255:33)",
                "diff": null
              },
              "uuid": "cb750af9-ac50-4b88-9855-42ddb459abbc",
              "parentUUID": "42de2d78-802b-4213-a9ca-f7c4d64081a3",
              "isHook": false,
              "skipped": false
            },
            {
              "title": "Validar se a página possui um elemento \"section\"",
              "fullTitle": "10 - Aplique elementos HTML de acordo com o sentido e propósito de cada um deles Validar se a página possui um elemento \"section\"",
              "timedOut": null,
              "duration": 10082,
              "state": "failed",
              "speed": null,
              "pass": false,
              "fail": true,
              "pending": false,
              "context": null,
              "code": "(0, _ActionBase.shouldExist)('section');",
              "err": {
                "message": "AssertionError: Timed out retrying: Expected to find element: `section`, but never found it.",
                "estack": "AssertionError: Timed out retrying: Expected to find element: `section`, but never found it.\n    at shouldExist (http://localhost:34105/__cypress/tests?p=cypress/integration/project.spec.js:108:20)\n    at Context.eval (http://localhost:34105/__cypress/tests?p=cypress/integration/project.spec.js:258:33)",
                "diff": null
              },
              "uuid": "5d939dae-86bb-4555-879b-a9361907264b",
              "parentUUID": "42de2d78-802b-4213-a9ca-f7c4d64081a3",
              "isHook": false,
              "skipped": false
            },
            {
              "title": "Validar se a página possui um elemento \"aside\"",
              "fullTitle": "10 - Aplique elementos HTML de acordo com o sentido e propósito de cada um deles Validar se a página possui um elemento \"aside\"",
              "timedOut": null,
              "duration": 87,
              "state": "passed",
              "speed": "slow",
              "pass": true,
              "fail": false,
              "pending": false,
              "context": null,
              "code": "(0, _ActionBase.shouldExist)('aside');",
              "err": {},
              "uuid": "aa675a5e-dbe5-407a-a0e3-767136c02291",
              "parentUUID": "42de2d78-802b-4213-a9ca-f7c4d64081a3",
              "isHook": false,
              "skipped": false
            },
            {
              "title": "Validar se a página possui um elemento \"footer\"",
              "fullTitle": "10 - Aplique elementos HTML de acordo com o sentido e propósito de cada um deles Validar se a página possui um elemento \"footer\"",
              "timedOut": null,
              "duration": 90,
              "state": "passed",
              "speed": "slow",
              "pass": true,
              "fail": false,
              "pending": false,
              "context": null,
              "code": "(0, _ActionBase.shouldExist)('footer');",
              "err": {},
              "uuid": "e1b7c0fd-56e9-4c6d-a59d-1ae1391d45ca",
              "parentUUID": "42de2d78-802b-4213-a9ca-f7c4d64081a3",
              "isHook": false,
              "skipped": false
            }
          ],
          "suites": [],
          "passes": [
            "66908b93-8d0b-4546-ab4c-e8d0eea553f1",
            "23ef40a0-8a1e-466b-8601-013af0dbe6a6",
            "aa675a5e-dbe5-407a-a0e3-767136c02291",
            "e1b7c0fd-56e9-4c6d-a59d-1ae1391d45ca"
          ],
          "failures": [
            "cb750af9-ac50-4b88-9855-42ddb459abbc",
            "5d939dae-86bb-4555-879b-a9361907264b"
          ],
          "pending": [],
          "skipped": [],
          "duration": 20458,
          "root": false,
          "rootEmpty": false,
          "_timeout": 2000
        },
        {
          "uuid": "955a8830-ba31-446f-a757-1d0d15113496",
          "title": "11 - Teste a semântica da sua página está aprovada pelo site CodeSniffer",
          "fullFile": "",
          "file": "",
          "beforeHooks": [],
          "afterHooks": [],
          "tests": [
            {
              "title": "Seu site deve passar sem problemas na verificação de semântica do site CodeSniffer",
              "fullTitle": "11 - Teste a semântica da sua página está aprovada pelo site CodeSniffer Seu site deve passar sem problemas na verificação de semântica do site CodeSniffer",
              "timedOut": null,
              "duration": 1686,
              "state": "passed",
              "speed": "slow",
              "pass": true,
              "fail": false,
              "pending": false,
              "context": null,
              "code": "cy.readFile('./index.html').then(function (content) {\n  cy.visit('http://squizlabs.github.io/HTML_CodeSniffer/');\n  cy.get('#runHTMLCS').click();\n  cy.get('#source').invoke('val', content).trigger('input');\n  cy.get('#run-button').click();\n  cy.get('.result-count-errors').contains(/^0$/);\n});",
              "err": {},
              "uuid": "924375ff-25d2-4fdd-86fa-320013b93c23",
              "parentUUID": "955a8830-ba31-446f-a757-1d0d15113496",
              "isHook": false,
              "skipped": false
            }
          ],
          "suites": [],
          "passes": [
            "924375ff-25d2-4fdd-86fa-320013b93c23"
          ],
          "failures": [],
          "pending": [],
          "skipped": [],
          "duration": 1686,
          "root": false,
          "rootEmpty": false,
          "_timeout": 2000
        }
      ],
      "passes": [],
      "failures": [],
      "pending": [],
      "skipped": [],
      "duration": 0,
      "root": true,
      "rootEmpty": true,
      "_timeout": 2000
    }
  ],
  "meta": {
    "mocha": {
      "version": "7.0.1"
    },
    "mochawesome": {
      "options": {
        "quiet": false,
        "reportFilename": "mochawesome",
        "saveHtml": false,
        "saveJson": true,
        "consoleReporter": "spec",
        "useInlineDiffs": false
      },
      "version": "4.1.0"
    },
    "marge": {
      "options": {
        "id": "default",
        "reportDir": "cypress/reports",
        "overwrite": false,
        "html": false,
        "json": true
      },
      "version": "4.1.0"
    }
  }
}